<?xml version="1.0" encoding="UTF-8" ?>
<testsuite errors="0" failures="1" hostname="pyrite-n1.cs.iastate.edu" name="TriangleTypeTest" skipped="0" tests="12" time="0.321" timestamp="2019-08-30T01:35:16">
  <properties>
    <property name="java.vendor" value="Oracle Corporation" />
    <property name="coverage.summaryxml.dir" value="reports/cobertura-summary-xml" />
    <property name="sun.java.launcher" value="SUN_STANDARD" />
    <property name="sun.management.compiler" value="HotSpot 64-Bit Tiered Compilers" />
    <property name="os.name" value="Linux" />
    <property name="sun.boot.class.path" value="/usr/lib/jvm/java-1.8.0-openjdk-1.8.0.222.b10-0.fc30.x86_64/jre/lib/resources.jar:/usr/lib/jvm/java-1.8.0-openjdk-1.8.0.222.b10-0.fc30.x86_64/jre/lib/rt.jar:/usr/lib/jvm/java-1.8.0-openjdk-1.8.0.222.b10-0.fc30.x86_64/jre/lib/sunrsasign.jar:/usr/lib/jvm/java-1.8.0-openjdk-1.8.0.222.b10-0.fc30.x86_64/jre/lib/jsse.jar:/usr/lib/jvm/java-1.8.0-openjdk-1.8.0.222.b10-0.fc30.x86_64/jre/lib/jce.jar:/usr/lib/jvm/java-1.8.0-openjdk-1.8.0.222.b10-0.fc30.x86_64/jre/lib/charsets.jar:/usr/lib/jvm/java-1.8.0-openjdk-1.8.0.222.b10-0.fc30.x86_64/jre/lib/jfr.jar:/usr/lib/jvm/java-1.8.0-openjdk-1.8.0.222.b10-0.fc30.x86_64/jre/classes" />
    <property name="reports.html.dir" value="reports/junit-html" />
    <property name="java.vm.specification.vendor" value="Oracle Corporation" />
    <property name="ant.home" value="/usr/share/ant" />
    <property name="java.runtime.version" value="1.8.0_222-b10" />
    <property name="cobertura.dir" value="../.." />
    <property name="user.name" value="btrettin" />
    <property name="user.language" value="en" />
    <property name="sun.boot.library.path" value="/usr/lib/jvm/java-1.8.0-openjdk-1.8.0.222.b10-0.fc30.x86_64/jre/lib/amd64" />
    <property name="reports.dir" value="reports" />
    <property name="ant.project.default-target" value="coverage" />
    <property name="ant.project.name" value="cobertura.examples.triangle" />
    <property name="java.version" value="1.8.0_222" />
    <property name="coverage.html.dir" value="reports/cobertura-html" />
    <property name="user.timezone" value="" />
    <property name="sun.arch.data.model" value="64" />
    <property name="java.endorsed.dirs" value="/usr/lib/jvm/java-1.8.0-openjdk-1.8.0.222.b10-0.fc30.x86_64/jre/lib/endorsed" />
    <property name="sun.cpu.isalist" value="" />
    <property name="sun.jnu.encoding" value="UTF-8" />
    <property name="file.encoding.pkg" value="sun.io" />
    <property name="file.separator" value="/" />
    <property name="java.specification.name" value="Java Platform API Specification" />
    <property name="classes.dir" value="classes" />
    <property name="java.class.version" value="52.0" />
    <property name="user.country" value="US" />
    <property name="java.home" value="/usr/lib/jvm/java-1.8.0-openjdk-1.8.0.222.b10-0.fc30.x86_64/jre" />
    <property name="java.vm.info" value="mixed mode" />
    <property name="ant.file" value="/home/btrettin/417/activity1-417/cobertura-2.1.1/examples/triangle/build.xml" />
    <property name="os.version" value="5.2.9-200.fc30.x86_64" />
    <property name="path.separator" value=":" />
    <property name="java.vm.version" value="25.222-b10" />
    <property name="ant.library.dir" value="/usr/share/ant/lib" />
    <property name="java.awt.printerjob" value="sun.print.PSPrinterJob" />
    <property name="sun.io.unicode.encoding" value="UnicodeLittle" />
    <property name="awt.toolkit" value="sun.awt.X11.XToolkit" />
    <property name="reports.xml.dir" value="reports/junit-xml" />
    <property name="user.home" value="/home/btrettin" />
    <property name="java.specification.vendor" value="Oracle Corporation" />
    <property name="coverage.xml.dir" value="reports/cobertura-xml" />
    <property name="java.library.path" value="/usr/java/packages/lib/amd64:/usr/lib64:/lib64:/lib:/usr/lib" />
    <property name="java.vendor.url" value="http://java.oracle.com/" />
    <property name="java.vm.vendor" value="Oracle Corporation" />
    <property name="java.runtime.name" value="OpenJDK Runtime Environment" />
    <property name="sun.java.command" value="org.apache.tools.ant.taskdefs.optional.junit.JUnitTestRunner TriangleTypeTest skipNonTests=false filtertrace=true haltOnError=false haltOnFailure=false showoutput=false outputtoformatters=true logfailedtests=true threadid=0 logtestlistenerevents=false formatter=org.apache.tools.ant.taskdefs.optional.junit.XMLJUnitResultFormatter,/home/btrettin/417/activity1-417/cobertura-2.1.1/examples/triangle/reports/junit-xml/TEST-TriangleTypeTest.xml crashfile=/home/btrettin/417/activity1-417/cobertura-2.1.1/examples/triangle/junitvmwatcher6479347745788590714.properties propsfile=/home/btrettin/417/activity1-417/cobertura-2.1.1/examples/triangle/junit2185245321979688469.properties" />
    <property name="java.class.path" value="/home/btrettin/417/activity1-417/cobertura-2.1.1/examples/triangle/instrumented:/home/btrettin/417/activity1-417/cobertura-2.1.1/examples/triangle/classes:/home/btrettin/417/activity1-417/cobertura-2.1.1/cobertura-2.1.1-javadoc.jar:/home/btrettin/417/activity1-417/cobertura-2.1.1/cobertura-2.1.1-sources.jar:/home/btrettin/417/activity1-417/cobertura-2.1.1/cobertura-2.1.1.jar:/home/btrettin/417/activity1-417/cobertura-2.1.1/lib/asm-5.0.1.jar:/home/btrettin/417/activity1-417/cobertura-2.1.1/lib/asm-analysis-5.0.1.jar:/home/btrettin/417/activity1-417/cobertura-2.1.1/lib/asm-commons-5.0.1.jar:/home/btrettin/417/activity1-417/cobertura-2.1.1/lib/asm-tree-5.0.1.jar:/home/btrettin/417/activity1-417/cobertura-2.1.1/lib/asm-util-5.0.1.jar:/home/btrettin/417/activity1-417/cobertura-2.1.1/lib/commons-lang3-3.3.2.jar:/home/btrettin/417/activity1-417/cobertura-2.1.1/lib/hamcrest-core-1.3.jar:/home/btrettin/417/activity1-417/cobertura-2.1.1/lib/jaxen-1.1.4.jar:/home/btrettin/417/activity1-417/cobertura-2.1.1/lib/jetty-6.1.14.jar:/home/btrettin/417/activity1-417/cobertura-2.1.1/lib/jetty-util-6.1.14.jar:/home/btrettin/417/activity1-417/cobertura-2.1.1/lib/junit-4.11.jar:/home/btrettin/417/activity1-417/cobertura-2.1.1/lib/logback-classic-1.0.13.jar:/home/btrettin/417/activity1-417/cobertura-2.1.1/lib/logback-core-1.0.13.jar:/home/btrettin/417/activity1-417/cobertura-2.1.1/lib/oro-2.0.8.jar:/home/btrettin/417/activity1-417/cobertura-2.1.1/lib/servlet-api-2.5-6.1.14.jar:/home/btrettin/417/activity1-417/cobertura-2.1.1/lib/slf4j-api-1.7.5.jar:/usr/share/java/junit.jar:/usr/share/java/ant/ant-launcher.jar:/usr/share/java/ant/ant.jar:/usr/share/java/ant/ant-junit.jar:/usr/share/java/ant/ant-junit4.jar" />
    <property name="ant.version" value="Apache Ant(TM) version 1.10.5 compiled on May 7 2019" />
    <property name="java.vm.specification.name" value="Java Virtual Machine Specification" />
    <property name="ant.file.type" value="file" />
    <property name="java.vm.specification.version" value="1.8" />
    <property name="sun.cpu.endian" value="little" />
    <property name="sun.os.patch.level" value="unknown" />
    <property name="java.io.tmpdir" value="/tmp" />
    <property name="java.vendor.url.bug" value="http://bugreport.sun.com/bugreport/" />
    <property name="os.arch" value="amd64" />
    <property name="java.awt.graphicsenv" value="sun.awt.X11GraphicsEnvironment" />
    <property name="instrumented.dir" value="instrumented" />
    <property name="ant.file.type.cobertura.examples.triangle" value="file" />
    <property name="java.ext.dirs" value="/usr/lib/jvm/java-1.8.0-openjdk-1.8.0.222.b10-0.fc30.x86_64/jre/lib/ext:/usr/java/packages/lib/ext" />
    <property name="user.dir" value="/home/btrettin/417/activity1-417/cobertura-2.1.1/examples/triangle" />
    <property name="line.separator" value="&#xa;" />
    <property name="java.vm.name" value="OpenJDK 64-Bit Server VM" />
    <property name="basedir" value="/home/btrettin/417/activity1-417/cobertura-2.1.1/examples/triangle" />
    <property name="ant.java.version" value="1.8" />
    <property name="ant.core.lib" value="/usr/share/java/ant/ant.jar" />
    <property name="file.encoding" value="UTF-8" />
    <property name="ant.file.cobertura.examples.triangle" value="/home/btrettin/417/activity1-417/cobertura-2.1.1/examples/triangle/build.xml" />
    <property name="java.specification.version" value="1.8" />
    <property name="src.dir" value="src" />
    <property name="ant.project.invoked-targets" value="coverage" />
  </properties>
  <testcase classname="TriangleTypeTest" name="triangleTest[0]" time="0.026" />
  <testcase classname="TriangleTypeTest" name="triangleTest[1]" time="0.0" />
  <testcase classname="TriangleTypeTest" name="triangleTest[2]" time="0.0" />
  <testcase classname="TriangleTypeTest" name="triangleTest[3]" time="0.0" />
  <testcase classname="TriangleTypeTest" name="triangleTest[4]" time="0.0" />
  <testcase classname="TriangleTypeTest" name="triangleTest[5]" time="0.0" />
  <testcase classname="TriangleTypeTest" name="triangleTest[6]" time="0.0" />
  <testcase classname="TriangleTypeTest" name="triangleTest[7]" time="0.0" />
  <testcase classname="TriangleTypeTest" name="triangleTest[8]" time="0.047">
    <failure message="expected:&lt;SCALENE&gt; but was:&lt;ISOSCELES&gt;" type="junit.framework.AssertionFailedError">junit.framework.AssertionFailedError: expected:&lt;SCALENE&gt; but was:&lt;ISOSCELES&gt;
	at TriangleTypeTest.triangleTest(TriangleTypeTest.java:45)
</failure>
  </testcase>
  <testcase classname="TriangleTypeTest" name="triangleTest[9]" time="0.0" />
  <testcase classname="TriangleTypeTest" name="triangleTest[10]" time="0.0" />
  <testcase classname="TriangleTypeTest" name="triangleTest[11]" time="0.0" />
  <system-out><![CDATA[20:35:14,809 |-INFO in ch.qos.logback.classic.LoggerContext[default] - Could NOT find resource [logback.groovy]
20:35:14,817 |-INFO in ch.qos.logback.classic.LoggerContext[default] - Could NOT find resource [logback-test.xml]
20:35:14,826 |-INFO in ch.qos.logback.classic.LoggerContext[default] - Found resource [logback.xml] at [jar:file:/home/btrettin/417/activity1-417/cobertura-2.1.1/cobertura-2.1.1-sources.jar!/logback.xml]
20:35:14,842 |-WARN in ch.qos.logback.classic.LoggerContext[default] - Resource [logback.xml] occurs multiple times on the classpath.
20:35:14,842 |-WARN in ch.qos.logback.classic.LoggerContext[default] - Resource [logback.xml] occurs at [jar:file:/home/btrettin/417/activity1-417/cobertura-2.1.1/cobertura-2.1.1.jar!/logback.xml]
20:35:14,842 |-WARN in ch.qos.logback.classic.LoggerContext[default] - Resource [logback.xml] occurs at [jar:file:/home/btrettin/417/activity1-417/cobertura-2.1.1/cobertura-2.1.1-sources.jar!/logback.xml]
20:35:15,190 |-INFO in ch.qos.logback.core.joran.spi.ConfigurationWatchList@7f9a81e8 - URL [jar:file:/home/btrettin/417/activity1-417/cobertura-2.1.1/cobertura-2.1.1-sources.jar!/logback.xml] is not of type file
20:35:15,623 |-INFO in ch.qos.logback.classic.joran.action.ConfigurationAction - debug attribute not set
20:35:15,648 |-INFO in ch.qos.logback.core.joran.action.AppenderAction - About to instantiate appender of type [ch.qos.logback.core.ConsoleAppender]
20:35:15,787 |-INFO in ch.qos.logback.core.joran.action.AppenderAction - Naming appender as [STDOUT]
20:35:15,995 |-INFO in ch.qos.logback.core.joran.action.NestedComplexPropertyIA - Assuming default type [ch.qos.logback.classic.encoder.PatternLayoutEncoder] for [encoder] property
20:35:16,696 |-INFO in ch.qos.logback.classic.joran.action.LoggerAction - Setting level of logger [net.sourceforge.cobertura] to INFO
20:35:16,696 |-INFO in ch.qos.logback.classic.joran.action.RootLoggerAction - Setting level of ROOT logger to DEBUG
20:35:16,696 |-INFO in ch.qos.logback.core.joran.action.AppenderRefAction - Attaching appender named [STDOUT] to Logger[ROOT]
20:35:16,704 |-INFO in ch.qos.logback.classic.joran.action.ConfigurationAction - End of configuration.
20:35:16,713 |-INFO in ch.qos.logback.classic.joran.JoranConfigurator@9629756 - Registering current configuration as safe fallback point

]]></system-out>
  <system-err><![CDATA[]]></system-err>
</testsuite>
